<?xml version="1.0" encoding="UTF-8"?>
<!-- Generated by org.testng.reporters.JUnitXMLReporter -->
<testsuite hostname="LAPTOP-1PUKD7H5" ignored="0" tests="44" failures="0" timestamp="2022-04-27T16:24:24 EDT" time="10.742" errors="0">
  <testcase name="testCreateHelpRequestSuccess" time="0.605" classname="ServiceLayerTests"/>
  <testcase name="testDoLoginSuccess" time="0.127" classname="ServiceLayerTests"/>
  <testcase name="testUpdateTicketNegativeComment" time="0.003" classname="ServiceLayerTests"/>
  <testcase name="testCreateHelpRequestDescriptionTooLong" time="0.002" classname="ServiceLayerTests"/>
  <testcase name="testCreateHelpRequestOneAlreadyExists" time="0.002" classname="ServiceLayerTests"/>
  <testcase name="testCreateHelpTicketSuccess" time="0.515" classname="ServiceLayerTests"/>
  <testcase name="testDoLoginBadPassword" time="0.001" classname="ServiceLayerTests"/>
  <testcase name="testDoLoginBadUsername" time="0.001" classname="ServiceLayerTests"/>
  <testcase name="testUpdateHelpRequestDescriptionLong" time="0.015" classname="ServiceLayerTests"/>
  <testcase name="testUpdatePersonalInfoFirstNameSuccess" time="0.283" classname="ServiceLayerTests"/>
  <testcase name="testUpdatePersonalInfoLastNameSuccess" time="0.344" classname="ServiceLayerTests"/>
  <testcase name="testUpdatePersonalInfoTooManyCharacters" time="0.002" classname="ServiceLayerTests"/>
  <testcase name="testUpdateTicketSuccess" time="0.544" classname="ServiceLayerTests"/>
  <testcase name="viewHelpTicketSuccess" time="0.289" classname="ServiceLayerTests"/>
  <testcase name="testCreateHelpTicketCommentTooLong" time="0.003" classname="ServiceLayerTests"/>
  <testcase name="testCreateHelpTicketIncorrectCategory" time="0.003" classname="ServiceLayerTests"/>
  <testcase name="testCreateHelpTicketOneAlreadyExists" time="0.258" classname="ServiceLayerTests"/>
  <testcase name="testUpdateHelpRequestSuccess" time="0.634" classname="ServiceLayerTests"/>
  <testcase name="resolveTicketSuccess" time="0.628" classname="ServiceLayerTests"/>
  <testcase name="viewHelpRequestSuccess" time="0.285" classname="ServiceLayerTests"/>
  <testcase name="testCancelHelpRequestSuccess" time="0.278" classname="ServiceLayerTests"/>
  <testcase name="testCancelRecordNotFound" time="0.008" classname="ServiceLayerTests"/>
  <testcase name="testUpdateHelpRequestNoRecord" time="0.002" classname="ServiceLayerTests"/>
  <testcase name="testViewHelpRequestNoRecord" time="0.293" classname="ServiceLayerTests"/>
  <testcase name="testUpdateTicketNoTicket" time="0.003" classname="ServiceLayerTests"/>
  <testcase name="viewHelpTicketNoOpenTicket" time="0.271" classname="ServiceLayerTests"/>
  <testcase name="insetObjectDbSuccess" time="0.284" classname="DataAccessTests"/>
  <testcase name="selectObjectDBSuccess" time="0.311" classname="DataAccessTests"/>
  <testcase name="selectObjectsDBSuccess" time="0.273" classname="DataAccessTests"/>
  <testcase name="updateObjectDBSuccessFirstName" time="0.287" classname="DataAccessTests"/>
  <testcase name="updateObjectDBSuccessLastName" time="0.259" classname="DataAccessTests"/>
  <testcase name="deleteObjectDbSuccess" time="0.299" classname="DataAccessTests"/>
  <testcase name="returnDeleteRequest" time="0.002" classname="EntityTests"/>
  <testcase name="returnInsertQuerySuccess" time="0.001" classname="EntityTests"/>
  <testcase name="returnSqlForSelectOne" time="0.003" classname="EntityTests"/>
  <testcase name="sanitizeFromApiTestDescriptionEmpty" time="0.002" classname="EntityTests"/>
  <testcase name="sanitizeFromApiTestDescriptionNull" time="0.001" classname="EntityTests"/>
  <testcase name="sanitizeFromApiTestIdValuesNotConvertible" time="0.001" classname="EntityTests"/>
  <testcase name="sanitizeFromApiTestIdValuesNotConvertibleIsEmpty" time="0.001" classname="EntityTests"/>
  <testcase name="sanitizeFromApiTestIdValuesNotConvertibleNoUnderscore" time="0.0" classname="EntityTests"/>
  <testcase name="sanitizeFromApiTestNoTableName" time="0.0" classname="EntityTests"/>
  <testcase name="sanitizeFromApiTestSuccess" time="0.0" classname="EntityTests"/>
  <testcase name="sanitizeFromApiTestTokenSuccess" time="0.0" classname="EntityTests"/>
  <testcase name="updateEmployeeSuccess" time="0.001" classname="EntityTests"/>
</testsuite>
