<?xml version="1.0" encoding="UTF-8"?>
<!-- Generated by org.testng.reporters.JUnitXMLReporter -->
<testsuite hostname="LAPTOP-1PUKD7H5" ignored="0" tests="44" failures="0" timestamp="2022-04-27T18:39:50 EDT" time="11.271" errors="0">
  <testcase name="returnDeleteRequest" time="0.042" classname="EntityTests"/>
  <testcase name="returnInsertQuerySuccess" time="0.0" classname="EntityTests"/>
  <testcase name="returnSqlForSelectOne" time="0.001" classname="EntityTests"/>
  <testcase name="sanitizeFromApiTestDescriptionEmpty" time="0.001" classname="EntityTests"/>
  <testcase name="sanitizeFromApiTestDescriptionNull" time="0.0" classname="EntityTests"/>
  <testcase name="sanitizeFromApiTestIdValuesNotConvertible" time="0.001" classname="EntityTests"/>
  <testcase name="sanitizeFromApiTestIdValuesNotConvertibleIsEmpty" time="0.0" classname="EntityTests"/>
  <testcase name="sanitizeFromApiTestIdValuesNotConvertibleNoUnderscore" time="0.001" classname="EntityTests"/>
  <testcase name="sanitizeFromApiTestNoTableName" time="0.0" classname="EntityTests"/>
  <testcase name="sanitizeFromApiTestSuccess" time="0.001" classname="EntityTests"/>
  <testcase name="sanitizeFromApiTestTokenSuccess" time="0.001" classname="EntityTests"/>
  <testcase name="updateEmployeeSuccess" time="0.0" classname="EntityTests"/>
  <testcase name="insetObjectDbSuccess" time="2.003" classname="DataAccessTests"/>
  <testcase name="selectObjectDBSuccess" time="0.251" classname="DataAccessTests"/>
  <testcase name="selectObjectsDBSuccess" time="0.329" classname="DataAccessTests"/>
  <testcase name="updateObjectDBSuccessFirstName" time="0.379" classname="DataAccessTests"/>
  <testcase name="updateObjectDBSuccessLastName" time="0.377" classname="DataAccessTests"/>
  <testcase name="deleteObjectDbSuccess" time="0.303" classname="DataAccessTests"/>
  <testcase name="testCreateHelpRequestSuccess" time="0.69" classname="ServiceLayerTests"/>
  <testcase name="testDoLoginSuccess" time="0.046" classname="ServiceLayerTests"/>
  <testcase name="testUpdateTicketNegativeComment" time="0.003" classname="ServiceLayerTests"/>
  <testcase name="testCreateHelpRequestDescriptionTooLong" time="0.002" classname="ServiceLayerTests"/>
  <testcase name="testCreateHelpRequestOneAlreadyExists" time="0.001" classname="ServiceLayerTests"/>
  <testcase name="testCreateHelpTicketSuccess" time="0.534" classname="ServiceLayerTests"/>
  <testcase name="testDoLoginBadPassword" time="0.003" classname="ServiceLayerTests"/>
  <testcase name="testDoLoginBadUsername" time="0.002" classname="ServiceLayerTests"/>
  <testcase name="testUpdateHelpRequestDescriptionLong" time="0.003" classname="ServiceLayerTests"/>
  <testcase name="testUpdatePersonalInfoFirstNameSuccess" time="0.329" classname="ServiceLayerTests"/>
  <testcase name="testUpdatePersonalInfoLastNameSuccess" time="0.288" classname="ServiceLayerTests"/>
  <testcase name="testUpdatePersonalInfoTooManyCharacters" time="0.002" classname="ServiceLayerTests"/>
  <testcase name="testUpdateTicketSuccess" time="0.618" classname="ServiceLayerTests"/>
  <testcase name="viewHelpTicketSuccess" time="0.493" classname="ServiceLayerTests"/>
  <testcase name="testCreateHelpTicketCommentTooLong" time="0.004" classname="ServiceLayerTests"/>
  <testcase name="testCreateHelpTicketIncorrectCategory" time="0.003" classname="ServiceLayerTests"/>
  <testcase name="testCreateHelpTicketOneAlreadyExists" time="0.3" classname="ServiceLayerTests"/>
  <testcase name="testUpdateHelpRequestSuccess" time="0.511" classname="ServiceLayerTests"/>
  <testcase name="resolveTicketSuccess" time="0.519" classname="ServiceLayerTests"/>
  <testcase name="viewHelpRequestSuccess" time="0.276" classname="ServiceLayerTests"/>
  <testcase name="testCancelHelpRequestSuccess" time="0.277" classname="ServiceLayerTests"/>
  <testcase name="testCancelRecordNotFound" time="0.005" classname="ServiceLayerTests"/>
  <testcase name="testUpdateHelpRequestNoRecord" time="0.002" classname="ServiceLayerTests"/>
  <testcase name="testViewHelpRequestNoRecord" time="0.277" classname="ServiceLayerTests"/>
  <testcase name="testUpdateTicketNoTicket" time="0.006" classname="ServiceLayerTests"/>
  <testcase name="viewHelpTicketNoOpenTicket" time="0.28" classname="ServiceLayerTests"/>
</testsuite>
